<?xml version="1.0" encoding="UTF-8"?>
<testng-results ignored="0" total="0" passed="0" failed="0" skipped="0">
  <reporter-output>
  </reporter-output>
  <suite started-at="2023-03-05T18:47:17 IST" name="BDD Test Suite" finished-at="2023-03-05T18:47:18 IST" duration-ms="14">
    <groups>
    </groups>
    <test started-at="2023-03-05T18:47:17 IST" name="FREE CRM Test" finished-at="2023-03-05T18:47:18 IST" duration-ms="14">
    </test> <!-- FREE CRM Test -->
  </suite> <!-- BDD Test Suite -->
</testng-results>
